<?xml version="1.0" encoding="utf-8"?><testsuites><testsuite name="pytest" errors="0" failures="0" skipped="0" tests="3" time="16.173" timestamp="2021-08-21T21:10:04.449447" hostname="LAPTOP-04U9U75S"><testcase classname="test_e2e.TestOne" name="test_e2e" time="11.266" /><testcase classname="test_homePage.TestHomePage" name="test_form_submission[get_data0]" time="4.023" /><testcase classname="test_homePage.TestHomePage" name="test_form_submission[get_data1]" time="0.816" /></testsuite></testsuites>